{"/Users/kroma/Documents/scripts/git/cdk-templates/cloudfront/lib/cloudfront-stack.ts": {"path":"/Users/kroma/Documents/scripts/git/cdk-templates/cloudfront/lib/cloudfront-stack.ts","statementMap":{"0":{"start":{"line":1,"column":0},"end":{"line":1,"column":37}},"1":{"start":{"line":2,"column":0},"end":{"line":2,"column":54}},"2":{"start":{"line":3,"column":0},"end":{"line":3,"column":59}},"3":{"start":{"line":7,"column":4},"end":{"line":7,"column":28}},"4":{"start":{"line":9,"column":24},"end":{"line":12,"column":6}},"5":{"start":{"line":14,"column":24},"end":{"line":17,"column":6}},"6":{"start":{"line":19,"column":20},"end":{"line":22,"column":6}},"7":{"start":{"line":24,"column":21},"end":{"line":27,"column":6}},"8":{"start":{"line":29,"column":25},"end":{"line":35,"column":6}},"9":{"start":{"line":37,"column":26},"end":{"line":41,"column":6}},"10":{"start":{"line":43,"column":4},"end":{"line":58,"column":null}},"11":{"start":{"line":44,"column":22},"end":{"line":57,"column":8}},"12":{"start":{"line":60,"column":4},"end":{"line":72,"column":null}},"13":{"start":{"line":61,"column":19},"end":{"line":71,"column":8}},"14":{"start":{"line":5,"column":0},"end":{"line":5,"column":13}}},"fnMap":{"0":{"name":"(anonymous_0)","decl":{"start":{"line":6,"column":2},"end":{"line":6,"column":14}},"loc":{"start":{"line":6,"column":70},"end":{"line":73,"column":3}}}},"branchMap":{"0":{"loc":{"start":{"line":43,"column":4},"end":{"line":58,"column":null}},"type":"if","locations":[{"start":{"line":43,"column":4},"end":{"line":58,"column":null}},{"start":{"line":43,"column":4},"end":{"line":58,"column":null}}]},"1":{"loc":{"start":{"line":60,"column":4},"end":{"line":72,"column":null}},"type":"if","locations":[{"start":{"line":60,"column":4},"end":{"line":72,"column":null}},{"start":{"line":60,"column":4},"end":{"line":72,"column":null}}]}},"s":{"0":1,"1":1,"2":1,"3":1,"4":1,"5":1,"6":1,"7":1,"8":1,"9":1,"10":1,"11":1,"12":1,"13":1,"14":1},"f":{"0":1},"b":{"0":[1,0],"1":[1,0]}}
}
